<?xml version="1.0" encoding="UTF-8"?>
<testng-results ignored="0" total="1" passed="1" failed="0" skipped="0">
  <reporter-output>
  </reporter-output>
  <suite started-at="2024-12-25T13:25:40 IST" name="Default suite" finished-at="2024-12-25T13:26:06 IST" duration-ms="25885">
    <groups>
    </groups>
    <test started-at="2024-12-25T13:25:40 IST" name="Default test" finished-at="2024-12-25T13:26:06 IST" duration-ms="25885">
      <class name="amazon_Package.AmazonProject_Maven.TestCase15">
        <test-method signature="productpage()[pri:0, instance:amazon_Package.AmazonProject_Maven.TestCase15@dbf57b3]" started-at="2024-12-25T13:25:40 IST" name="productpage" finished-at="2024-12-25T13:26:06 IST" duration-ms="25839" status="PASS">
          <reporter-output>
          </reporter-output>
        </test-method> <!-- productpage -->
      </class> <!-- amazon_Package.AmazonProject_Maven.TestCase15 -->
    </test> <!-- Default test -->
  </suite> <!-- Default suite -->
</testng-results>
